<?xml version="1.0" encoding="UTF-8"?>
<!-- Generated by org.testng.reporters.JUnitReportReporter -->
<testsuite skipped="0" hostname="Rohit-PC" name="test.TestStaticImport" tests="1" failures="0" timestamp="2022-04-14T15:28:06 IST" time="3.691" errors="0">
  <testcase name="testGetMthod" time="3.691" classname="test.TestStaticImport"/>
  <system-out/>
</testsuite> <!-- test.TestStaticImport -->
