<?xml version="1.0" encoding="UTF-8"?>
<!-- Generated by org.testng.reporters.JUnitReportReporter -->
<testsuite skipped="0" hostname="Rohit-PC" name="test.BasicTest" tests="1" failures="0" timestamp="2022-04-14T15:22:21 IST" time="2.946" errors="0">
  <testcase name="test1" time="2.946" classname="test.BasicTest"/>
  <system-out/>
</testsuite> <!-- test.BasicTest -->
