<?xml version="1.0" encoding="UTF-8"?>
<!-- Generated by org.testng.reporters.JUnitReportReporter -->
<testsuite skipped="0" hostname="Rohit-PC" name="test.CRUDMethod" tests="1" failures="0" timestamp="2022-04-14T15:40:35 IST" time="3.899" errors="0">
  <testcase name="testGet" time="3.899" classname="test.CRUDMethod"/>
  <system-out/>
</testsuite> <!-- test.CRUDMethod -->
