<?xml version="1.0" encoding="UTF-8"?>
<!-- Generated by org.testng.reporters.JUnitReportReporter -->
<testsuite skipped="0" hostname="Rohit-PC" name="test.GetAndPostMethod" tests="5" failures="0" timestamp="2021-10-01T16:43:45 IST" time="8.214" errors="0">
  <testcase name="testDelete" time="3.713" classname="test.GetAndPostMethod"/>
  <system-out/>
  <testcase name="testPut" time="0.747" classname="test.GetAndPostMethod"/>
  <system-out/>
  <testcase name="testGet" time="1.834" classname="test.GetAndPostMethod"/>
  <system-out/>
  <testcase name="testPost" time="0.794" classname="test.GetAndPostMethod"/>
  <system-out/>
  <testcase name="testPatch" time="1.126" classname="test.GetAndPostMethod"/>
  <system-out/>
</testsuite> <!-- test.GetAndPostMethod -->
