<?xml version="1.0" encoding="UTF-8"?>
<!-- Generated by org.testng.reporters.JUnitReportReporter -->
<testsuite skipped="0" hostname="Rohit-PC" name="getMehtod.BasicTest" tests="1" failures="0" timestamp="2021-10-01T14:27:10 IST" time="3.353" errors="0">
  <testcase name="test1" time="3.353" classname="getMehtod.BasicTest"/>
  <system-out/>
</testsuite> <!-- getMehtod.BasicTest -->
