<?xml version="1.0" encoding="UTF-8"?>
<!-- Generated by org.testng.reporters.JUnitReportReporter -->
<testsuite skipped="0" hostname="Rohit-PC" name="test.JsonSchemaValidate" tests="1" failures="0" timestamp="2022-04-16T16:48:51 IST" time="4.007" errors="0">
  <testcase name="getMethodSchemaValidate" time="4.007" classname="test.JsonSchemaValidate"/>
  <system-out/>
</testsuite> <!-- test.JsonSchemaValidate -->
